<?xml version="1.0" encoding="UTF-8"?>
<testng-results ignored="0" total="148" passed="146" failed="2" skipped="0">
  <reporter-output>
  </reporter-output>
  <suite started-at="2023-05-24T16:56:41 IST" name="Default suite" finished-at="2023-05-24T17:44:18 IST" duration-ms="2856959">
    <groups>
      <group name="cucumber">
        <method signature="AbstractTestNGCucumberTests.runScenario(io.cucumber.testng.PickleWrapper,io.cucumber.testng.FeatureWrapper)[pri:0, instance:Runner.TestRunner@1c7696c6]" name="runScenario" class="io.cucumber.testng.AbstractTestNGCucumberTests"/>
      </group> <!-- cucumber -->
    </groups>
    <test started-at="2023-05-24T16:56:41 IST" name="Default test" finished-at="2023-05-24T17:44:18 IST" duration-ms="2856959">
      <class name="Runner.TestRunner">
        <test-method is-config="true" signature="setUpClass()[pri:0, instance:Runner.TestRunner@1c7696c6]" started-at="2023-05-24T16:56:41 IST" name="setUpClass" finished-at="2023-05-24T16:56:42 IST" duration-ms="589" status="PASS">
          <reporter-output>
          </reporter-output>
        </test-method> <!-- setUpClass -->
        <test-method signature="runScenario(io.cucumber.testng.PickleWrapper,io.cucumber.testng.FeatureWrapper)[pri:0, instance:Runner.TestRunner@1c7696c6]" started-at="2023-05-24T16:56:42 IST" name="runScenario" description="Runs Cucumber Scenarios" data-provider="scenarios" finished-at="2023-05-24T16:57:01 IST" duration-ms="19311" status="PASS">
          <params>
            <param index="0">
              <value>
                <![CDATA["My account Page"]]>
              </value>
            </param>
            <param index="1">
              <value>
                <![CDATA["Optional[OpenMRS Header Page]"]]>
              </value>
            </param>
          </params>
          <reporter-output>
          </reporter-output>
        </test-method> <!-- runScenario -->
        <test-method signature="runScenario(io.cucumber.testng.PickleWrapper,io.cucumber.testng.FeatureWrapper)[pri:0, instance:Runner.TestRunner@1c7696c6]" started-at="2023-05-24T16:57:01 IST" name="runScenario" description="Runs Cucumber Scenarios" data-provider="scenarios" finished-at="2023-05-24T16:57:26 IST" duration-ms="25015" status="PASS">
          <params>
            <param index="0">
              <value>
                <![CDATA["Change password settings"]]>
              </value>
            </param>
            <param index="1">
              <value>
                <![CDATA["Optional[OpenMRS Header Page]"]]>
              </value>
            </param>
          </params>
          <reporter-output>
          </reporter-output>
        </test-method> <!-- runScenario -->
        <test-method signature="runScenario(io.cucumber.testng.PickleWrapper,io.cucumber.testng.FeatureWrapper)[pri:0, instance:Runner.TestRunner@1c7696c6]" started-at="2023-05-24T16:57:26 IST" name="runScenario" description="Runs Cucumber Scenarios" data-provider="scenarios" finished-at="2023-05-24T16:57:43 IST" duration-ms="17050" status="PASS">
          <params>
            <param index="0">
              <value>
                <![CDATA["My language settings"]]>
              </value>
            </param>
            <param index="1">
              <value>
                <![CDATA["Optional[OpenMRS Header Page]"]]>
              </value>
            </param>
          </params>
          <reporter-output>
          </reporter-output>
        </test-method> <!-- runScenario -->
        <test-method signature="runScenario(io.cucumber.testng.PickleWrapper,io.cucumber.testng.FeatureWrapper)[pri:0, instance:Runner.TestRunner@1c7696c6]" started-at="2023-05-24T16:57:43 IST" name="runScenario" description="Runs Cucumber Scenarios" data-provider="scenarios" finished-at="2023-05-24T16:58:03 IST" duration-ms="20168" status="PASS">
          <params>
            <param index="0">
              <value>
                <![CDATA["My language settings"]]>
              </value>
            </param>
            <param index="1">
              <value>
                <![CDATA["Optional[OpenMRS Header Page]"]]>
              </value>
            </param>
          </params>
          <reporter-output>
          </reporter-output>
        </test-method> <!-- runScenario -->
        <test-method signature="runScenario(io.cucumber.testng.PickleWrapper,io.cucumber.testng.FeatureWrapper)[pri:0, instance:Runner.TestRunner@1c7696c6]" started-at="2023-05-24T16:58:03 IST" name="runScenario" description="Runs Cucumber Scenarios" data-provider="scenarios" finished-at="2023-05-24T16:58:24 IST" duration-ms="21229" status="PASS">
          <params>
            <param index="0">
              <value>
                <![CDATA["My language settings"]]>
              </value>
            </param>
            <param index="1">
              <value>
                <![CDATA["Optional[OpenMRS Header Page]"]]>
              </value>
            </param>
          </params>
          <reporter-output>
          </reporter-output>
        </test-method> <!-- runScenario -->
        <test-method signature="runScenario(io.cucumber.testng.PickleWrapper,io.cucumber.testng.FeatureWrapper)[pri:0, instance:Runner.TestRunner@1c7696c6]" started-at="2023-05-24T16:58:24 IST" name="runScenario" description="Runs Cucumber Scenarios" data-provider="scenarios" finished-at="2023-05-24T16:58:44 IST" duration-ms="19020" status="PASS">
          <params>
            <param index="0">
              <value>
                <![CDATA["My language settings"]]>
              </value>
            </param>
            <param index="1">
              <value>
                <![CDATA["Optional[OpenMRS Header Page]"]]>
              </value>
            </param>
          </params>
          <reporter-output>
          </reporter-output>
        </test-method> <!-- runScenario -->
        <test-method signature="runScenario(io.cucumber.testng.PickleWrapper,io.cucumber.testng.FeatureWrapper)[pri:0, instance:Runner.TestRunner@1c7696c6]" started-at="2023-05-24T16:58:44 IST" name="runScenario" description="Runs Cucumber Scenarios" data-provider="scenarios" finished-at="2023-05-24T16:59:04 IST" duration-ms="20019" status="PASS">
          <params>
            <param index="0">
              <value>
                <![CDATA["My language settings"]]>
              </value>
            </param>
            <param index="1">
              <value>
                <![CDATA["Optional[OpenMRS Header Page]"]]>
              </value>
            </param>
          </params>
          <reporter-output>
          </reporter-output>
        </test-method> <!-- runScenario -->
        <test-method signature="runScenario(io.cucumber.testng.PickleWrapper,io.cucumber.testng.FeatureWrapper)[pri:0, instance:Runner.TestRunner@1c7696c6]" started-at="2023-05-24T16:59:04 IST" name="runScenario" description="Runs Cucumber Scenarios" data-provider="scenarios" finished-at="2023-05-24T16:59:20 IST" duration-ms="16464" status="PASS">
          <params>
            <param index="0">
              <value>
                <![CDATA["Location of session"]]>
              </value>
            </param>
            <param index="1">
              <value>
                <![CDATA["Optional[OpenMRS Header Page]"]]>
              </value>
            </param>
          </params>
          <reporter-output>
          </reporter-output>
        </test-method> <!-- runScenario -->
        <test-method signature="runScenario(io.cucumber.testng.PickleWrapper,io.cucumber.testng.FeatureWrapper)[pri:0, instance:Runner.TestRunner@1c7696c6]" started-at="2023-05-24T16:59:20 IST" name="runScenario" description="Runs Cucumber Scenarios" data-provider="scenarios" finished-at="2023-05-24T16:59:32 IST" duration-ms="12395" status="PASS">
          <params>
            <param index="0">
              <value>
                <![CDATA["Location of session"]]>
              </value>
            </param>
            <param index="1">
              <value>
                <![CDATA["Optional[OpenMRS Header Page]"]]>
              </value>
            </param>
          </params>
          <reporter-output>
          </reporter-output>
        </test-method> <!-- runScenario -->
        <test-method signature="runScenario(io.cucumber.testng.PickleWrapper,io.cucumber.testng.FeatureWrapper)[pri:0, instance:Runner.TestRunner@1c7696c6]" started-at="2023-05-24T16:59:32 IST" name="runScenario" description="Runs Cucumber Scenarios" data-provider="scenarios" finished-at="2023-05-24T16:59:48 IST" duration-ms="15399" status="PASS">
          <params>
            <param index="0">
              <value>
                <![CDATA["Location of session"]]>
              </value>
            </param>
            <param index="1">
              <value>
                <![CDATA["Optional[OpenMRS Header Page]"]]>
              </value>
            </param>
          </params>
          <reporter-output>
          </reporter-output>
        </test-method> <!-- runScenario -->
        <test-method signature="runScenario(io.cucumber.testng.PickleWrapper,io.cucumber.testng.FeatureWrapper)[pri:0, instance:Runner.TestRunner@1c7696c6]" started-at="2023-05-24T16:59:48 IST" name="runScenario" description="Runs Cucumber Scenarios" data-provider="scenarios" finished-at="2023-05-24T17:00:00 IST" duration-ms="12515" status="PASS">
          <params>
            <param index="0">
              <value>
                <![CDATA["Location of session"]]>
              </value>
            </param>
            <param index="1">
              <value>
                <![CDATA["Optional[OpenMRS Header Page]"]]>
              </value>
            </param>
          </params>
          <reporter-output>
          </reporter-output>
        </test-method> <!-- runScenario -->
        <test-method signature="runScenario(io.cucumber.testng.PickleWrapper,io.cucumber.testng.FeatureWrapper)[pri:0, instance:Runner.TestRunner@1c7696c6]" started-at="2023-05-24T17:00:00 IST" name="runScenario" description="Runs Cucumber Scenarios" data-provider="scenarios" finished-at="2023-05-24T17:00:14 IST" duration-ms="14099" status="PASS">
          <params>
            <param index="0">
              <value>
                <![CDATA["Location of session"]]>
              </value>
            </param>
            <param index="1">
              <value>
                <![CDATA["Optional[OpenMRS Header Page]"]]>
              </value>
            </param>
          </params>
          <reporter-output>
          </reporter-output>
        </test-method> <!-- runScenario -->
        <test-method signature="runScenario(io.cucumber.testng.PickleWrapper,io.cucumber.testng.FeatureWrapper)[pri:0, instance:Runner.TestRunner@1c7696c6]" started-at="2023-05-24T17:00:14 IST" name="runScenario" description="Runs Cucumber Scenarios" data-provider="scenarios" finished-at="2023-05-24T17:00:30 IST" duration-ms="15273" status="PASS">
          <params>
            <param index="0">
              <value>
                <![CDATA["User should Logut Successfull"]]>
              </value>
            </param>
            <param index="1">
              <value>
                <![CDATA["Optional[OpenMRS Header Page]"]]>
              </value>
            </param>
          </params>
          <reporter-output>
          </reporter-output>
        </test-method> <!-- runScenario -->
        <test-method signature="runScenario(io.cucumber.testng.PickleWrapper,io.cucumber.testng.FeatureWrapper)[pri:0, instance:Runner.TestRunner@1c7696c6]" started-at="2023-05-24T17:00:30 IST" name="runScenario" description="Runs Cucumber Scenarios" data-provider="scenarios" finished-at="2023-05-24T17:00:54 IST" duration-ms="24384" status="PASS">
          <params>
            <param index="0">
              <value>
                <![CDATA["User navigate to Active Visit page"]]>
              </value>
            </param>
            <param index="1">
              <value>
                <![CDATA["Optional[OpenMRS Home Page]"]]>
              </value>
            </param>
          </params>
          <reporter-output>
          </reporter-output>
        </test-method> <!-- runScenario -->
        <test-method signature="runScenario(io.cucumber.testng.PickleWrapper,io.cucumber.testng.FeatureWrapper)[pri:0, instance:Runner.TestRunner@1c7696c6]" started-at="2023-05-24T17:00:54 IST" name="runScenario" description="Runs Cucumber Scenarios" data-provider="scenarios" finished-at="2023-05-24T17:01:13 IST" duration-ms="19125" status="PASS">
          <params>
            <param index="0">
              <value>
                <![CDATA["Active Visit Table coloumn count"]]>
              </value>
            </param>
            <param index="1">
              <value>
                <![CDATA["Optional[OpenMRS Home Page]"]]>
              </value>
            </param>
          </params>
          <reporter-output>
          </reporter-output>
        </test-method> <!-- runScenario -->
        <test-method signature="runScenario(io.cucumber.testng.PickleWrapper,io.cucumber.testng.FeatureWrapper)[pri:0, instance:Runner.TestRunner@1c7696c6]" started-at="2023-05-24T17:01:13 IST" name="runScenario" description="Runs Cucumber Scenarios" data-provider="scenarios" finished-at="2023-05-24T17:01:27 IST" duration-ms="13706" status="PASS">
          <params>
            <param index="0">
              <value>
                <![CDATA["Verify that patient Ids and names available on table header"]]>
              </value>
            </param>
            <param index="1">
              <value>
                <![CDATA["Optional[OpenMRS Home Page]"]]>
              </value>
            </param>
          </params>
          <reporter-output>
          </reporter-output>
        </test-method> <!-- runScenario -->
        <test-method signature="runScenario(io.cucumber.testng.PickleWrapper,io.cucumber.testng.FeatureWrapper)[pri:0, instance:Runner.TestRunner@1c7696c6]" started-at="2023-05-24T17:01:27 IST" name="runScenario" description="Runs Cucumber Scenarios" data-provider="scenarios" finished-at="2023-05-24T17:01:50 IST" duration-ms="22626" status="PASS">
          <params>
            <param index="0">
              <value>
                <![CDATA["Verify the Active Visis search box (Using Ids)"]]>
              </value>
            </param>
            <param index="1">
              <value>
                <![CDATA["Optional[OpenMRS Home Page]"]]>
              </value>
            </param>
          </params>
          <reporter-output>
          </reporter-output>
        </test-method> <!-- runScenario -->
        <test-method signature="runScenario(io.cucumber.testng.PickleWrapper,io.cucumber.testng.FeatureWrapper)[pri:0, instance:Runner.TestRunner@1c7696c6]" started-at="2023-05-24T17:01:50 IST" name="runScenario" description="Runs Cucumber Scenarios" data-provider="scenarios" finished-at="2023-05-24T17:02:07 IST" duration-ms="17463" status="PASS">
          <params>
            <param index="0">
              <value>
                <![CDATA["Verify the Active Visis search box (Using Ids)"]]>
              </value>
            </param>
            <param index="1">
              <value>
                <![CDATA["Optional[OpenMRS Home Page]"]]>
              </value>
            </param>
          </params>
          <reporter-output>
          </reporter-output>
        </test-method> <!-- runScenario -->
        <test-method signature="runScenario(io.cucumber.testng.PickleWrapper,io.cucumber.testng.FeatureWrapper)[pri:0, instance:Runner.TestRunner@1c7696c6]" started-at="2023-05-24T17:02:07 IST" name="runScenario" description="Runs Cucumber Scenarios" data-provider="scenarios" finished-at="2023-05-24T17:02:24 IST" duration-ms="16685" status="PASS">
          <params>
            <param index="0">
              <value>
                <![CDATA["Verify the Active Visis search box (Using Name)"]]>
              </value>
            </param>
            <param index="1">
              <value>
                <![CDATA["Optional[OpenMRS Home Page]"]]>
              </value>
            </param>
          </params>
          <reporter-output>
          </reporter-output>
        </test-method> <!-- runScenario -->
        <test-method signature="runScenario(io.cucumber.testng.PickleWrapper,io.cucumber.testng.FeatureWrapper)[pri:0, instance:Runner.TestRunner@1c7696c6]" started-at="2023-05-24T17:02:24 IST" name="runScenario" description="Runs Cucumber Scenarios" data-provider="scenarios" finished-at="2023-05-24T17:02:41 IST" duration-ms="16863" status="PASS">
          <params>
            <param index="0">
              <value>
                <![CDATA["Verify the Active Visis search box (Using Name)"]]>
              </value>
            </param>
            <param index="1">
              <value>
                <![CDATA["Optional[OpenMRS Home Page]"]]>
              </value>
            </param>
          </params>
          <reporter-output>
          </reporter-output>
        </test-method> <!-- runScenario -->
        <test-method signature="runScenario(io.cucumber.testng.PickleWrapper,io.cucumber.testng.FeatureWrapper)[pri:0, instance:Runner.TestRunner@1c7696c6]" started-at="2023-05-24T17:02:41 IST" name="runScenario" description="Runs Cucumber Scenarios" data-provider="scenarios" finished-at="2023-05-24T17:03:02 IST" duration-ms="21417" status="PASS">
          <params>
            <param index="0">
              <value>
                <![CDATA["verify with wrong credential in search box"]]>
              </value>
            </param>
            <param index="1">
              <value>
                <![CDATA["Optional[OpenMRS Home Page]"]]>
              </value>
            </param>
          </params>
          <reporter-output>
          </reporter-output>
        </test-method> <!-- runScenario -->
        <test-method signature="runScenario(io.cucumber.testng.PickleWrapper,io.cucumber.testng.FeatureWrapper)[pri:0, instance:Runner.TestRunner@1c7696c6]" started-at="2023-05-24T17:03:02 IST" name="runScenario" description="Runs Cucumber Scenarios" data-provider="scenarios" finished-at="2023-05-24T17:03:16 IST" duration-ms="13959" status="PASS">
          <params>
            <param index="0">
              <value>
                <![CDATA["User navigate to Appointment scheduling page"]]>
              </value>
            </param>
            <param index="1">
              <value>
                <![CDATA["Optional[OpenMRS Home Page]"]]>
              </value>
            </param>
          </params>
          <reporter-output>
          </reporter-output>
        </test-method> <!-- runScenario -->
        <test-method signature="runScenario(io.cucumber.testng.PickleWrapper,io.cucumber.testng.FeatureWrapper)[pri:0, instance:Runner.TestRunner@1c7696c6]" started-at="2023-05-24T17:03:16 IST" name="runScenario" description="Runs Cucumber Scenarios" data-provider="scenarios" finished-at="2023-05-24T17:03:31 IST" duration-ms="15455" status="PASS">
          <params>
            <param index="0">
              <value>
                <![CDATA["verify the links presented in Appointment scheduling page"]]>
              </value>
            </param>
            <param index="1">
              <value>
                <![CDATA["Optional[OpenMRS Home Page]"]]>
              </value>
            </param>
          </params>
          <reporter-output>
          </reporter-output>
        </test-method> <!-- runScenario -->
        <test-method signature="runScenario(io.cucumber.testng.PickleWrapper,io.cucumber.testng.FeatureWrapper)[pri:0, instance:Runner.TestRunner@1c7696c6]" started-at="2023-05-24T17:03:31 IST" name="runScenario" description="Runs Cucumber Scenarios" data-provider="scenarios" finished-at="2023-05-24T17:03:49 IST" duration-ms="17362" status="PASS">
          <params>
            <param index="0">
              <value>
                <![CDATA["verify the links presented in Appointment scheduling page"]]>
              </value>
            </param>
            <param index="1">
              <value>
                <![CDATA["Optional[OpenMRS Home Page]"]]>
              </value>
            </param>
          </params>
          <reporter-output>
          </reporter-output>
        </test-method> <!-- runScenario -->
        <test-method signature="runScenario(io.cucumber.testng.PickleWrapper,io.cucumber.testng.FeatureWrapper)[pri:0, instance:Runner.TestRunner@1c7696c6]" started-at="2023-05-24T17:03:49 IST" name="runScenario" description="Runs Cucumber Scenarios" data-provider="scenarios" finished-at="2023-05-24T17:04:03 IST" duration-ms="14020" status="PASS">
          <params>
            <param index="0">
              <value>
                <![CDATA["verify the links presented in Appointment scheduling page"]]>
              </value>
            </param>
            <param index="1">
              <value>
                <![CDATA["Optional[OpenMRS Home Page]"]]>
              </value>
            </param>
          </params>
          <reporter-output>
          </reporter-output>
        </test-method> <!-- runScenario -->
        <test-method signature="runScenario(io.cucumber.testng.PickleWrapper,io.cucumber.testng.FeatureWrapper)[pri:0, instance:Runner.TestRunner@1c7696c6]" started-at="2023-05-24T17:04:03 IST" name="runScenario" description="Runs Cucumber Scenarios" data-provider="scenarios" finished-at="2023-05-24T17:04:20 IST" duration-ms="17506" status="PASS">
          <params>
            <param index="0">
              <value>
                <![CDATA["verify the links presented in Appointment scheduling page"]]>
              </value>
            </param>
            <param index="1">
              <value>
                <![CDATA["Optional[OpenMRS Home Page]"]]>
              </value>
            </param>
          </params>
          <reporter-output>
          </reporter-output>
        </test-method> <!-- runScenario -->
        <test-method signature="runScenario(io.cucumber.testng.PickleWrapper,io.cucumber.testng.FeatureWrapper)[pri:0, instance:Runner.TestRunner@1c7696c6]" started-at="2023-05-24T17:04:20 IST" name="runScenario" description="Runs Cucumber Scenarios" data-provider="scenarios" finished-at="2023-05-24T17:04:36 IST" duration-ms="15984" status="PASS">
          <params>
            <param index="0">
              <value>
                <![CDATA["verify the links presented in Appointment scheduling page"]]>
              </value>
            </param>
            <param index="1">
              <value>
                <![CDATA["Optional[OpenMRS Home Page]"]]>
              </value>
            </param>
          </params>
          <reporter-output>
          </reporter-output>
        </test-method> <!-- runScenario -->
        <test-method signature="runScenario(io.cucumber.testng.PickleWrapper,io.cucumber.testng.FeatureWrapper)[pri:0, instance:Runner.TestRunner@1c7696c6]" started-at="2023-05-24T17:04:36 IST" name="runScenario" description="Runs Cucumber Scenarios" data-provider="scenarios" finished-at="2023-05-24T17:04:54 IST" duration-ms="17786" status="PASS">
          <params>
            <param index="0">
              <value>
                <![CDATA["Verify the Manage Service Types"]]>
              </value>
            </param>
            <param index="1">
              <value>
                <![CDATA["Optional[OpenMRS Home Page]"]]>
              </value>
            </param>
          </params>
          <reporter-output>
          </reporter-output>
        </test-method> <!-- runScenario -->
        <test-method signature="runScenario(io.cucumber.testng.PickleWrapper,io.cucumber.testng.FeatureWrapper)[pri:0, instance:Runner.TestRunner@1c7696c6]" started-at="2023-05-24T17:04:54 IST" name="runScenario" description="Runs Cucumber Scenarios" data-provider="scenarios" finished-at="2023-05-24T17:05:08 IST" duration-ms="14378" status="PASS">
          <params>
            <param index="0">
              <value>
                <![CDATA["Verify the Manage Service Types"]]>
              </value>
            </param>
            <param index="1">
              <value>
                <![CDATA["Optional[OpenMRS Home Page]"]]>
              </value>
            </param>
          </params>
          <reporter-output>
          </reporter-output>
        </test-method> <!-- runScenario -->
        <test-method signature="runScenario(io.cucumber.testng.PickleWrapper,io.cucumber.testng.FeatureWrapper)[pri:0, instance:Runner.TestRunner@1c7696c6]" started-at="2023-05-24T17:05:08 IST" name="runScenario" description="Runs Cucumber Scenarios" data-provider="scenarios" finished-at="2023-05-24T17:05:28 IST" duration-ms="19611" status="PASS">
          <params>
            <param index="0">
              <value>
                <![CDATA["Verify the Manage Service Types"]]>
              </value>
            </param>
            <param index="1">
              <value>
                <![CDATA["Optional[OpenMRS Home Page]"]]>
              </value>
            </param>
          </params>
          <reporter-output>
          </reporter-output>
        </test-method> <!-- runScenario -->
        <test-method signature="runScenario(io.cucumber.testng.PickleWrapper,io.cucumber.testng.FeatureWrapper)[pri:0, instance:Runner.TestRunner@1c7696c6]" started-at="2023-05-24T17:05:28 IST" name="runScenario" description="Runs Cucumber Scenarios" data-provider="scenarios" finished-at="2023-05-24T17:05:44 IST" duration-ms="15800" status="PASS">
          <params>
            <param index="0">
              <value>
                <![CDATA["Verify the Manage Service Types"]]>
              </value>
            </param>
            <param index="1">
              <value>
                <![CDATA["Optional[OpenMRS Home Page]"]]>
              </value>
            </param>
          </params>
          <reporter-output>
          </reporter-output>
        </test-method> <!-- runScenario -->
        <test-method signature="runScenario(io.cucumber.testng.PickleWrapper,io.cucumber.testng.FeatureWrapper)[pri:0, instance:Runner.TestRunner@1c7696c6]" started-at="2023-05-24T17:05:44 IST" name="runScenario" description="Runs Cucumber Scenarios" data-provider="scenarios" finished-at="2023-05-24T17:06:03 IST" duration-ms="18779" status="PASS">
          <params>
            <param index="0">
              <value>
                <![CDATA["Verify the Manage Provider Schedules"]]>
              </value>
            </param>
            <param index="1">
              <value>
                <![CDATA["Optional[OpenMRS Home Page]"]]>
              </value>
            </param>
          </params>
          <reporter-output>
          </reporter-output>
        </test-method> <!-- runScenario -->
        <test-method signature="runScenario(io.cucumber.testng.PickleWrapper,io.cucumber.testng.FeatureWrapper)[pri:0, instance:Runner.TestRunner@1c7696c6]" started-at="2023-05-24T17:06:03 IST" name="runScenario" description="Runs Cucumber Scenarios" data-provider="scenarios" finished-at="2023-05-24T17:06:17 IST" duration-ms="14319" status="PASS">
          <params>
            <param index="0">
              <value>
                <![CDATA["Verify the Manage Appointments"]]>
              </value>
            </param>
            <param index="1">
              <value>
                <![CDATA["Optional[OpenMRS Home Page]"]]>
              </value>
            </param>
          </params>
          <reporter-output>
          </reporter-output>
        </test-method> <!-- runScenario -->
        <test-method signature="runScenario(io.cucumber.testng.PickleWrapper,io.cucumber.testng.FeatureWrapper)[pri:0, instance:Runner.TestRunner@1c7696c6]" started-at="2023-05-24T17:06:17 IST" name="runScenario" description="Runs Cucumber Scenarios" data-provider="scenarios" finished-at="2023-05-24T17:06:40 IST" duration-ms="23031" status="PASS">
          <params>
            <param index="0">
              <value>
                <![CDATA["Verify the Daily Appointments"]]>
              </value>
            </param>
            <param index="1">
              <value>
                <![CDATA["Optional[OpenMRS Home Page]"]]>
              </value>
            </param>
          </params>
          <reporter-output>
          </reporter-output>
        </test-method> <!-- runScenario -->
        <test-method signature="runScenario(io.cucumber.testng.PickleWrapper,io.cucumber.testng.FeatureWrapper)[pri:0, instance:Runner.TestRunner@1c7696c6]" started-at="2023-05-24T17:06:40 IST" name="runScenario" description="Runs Cucumber Scenarios" data-provider="scenarios" finished-at="2023-05-24T17:06:59 IST" duration-ms="18908" status="PASS">
          <params>
            <param index="0">
              <value>
                <![CDATA["Verify the Appointment Requests"]]>
              </value>
            </param>
            <param index="1">
              <value>
                <![CDATA["Optional[OpenMRS Home Page]"]]>
              </value>
            </param>
          </params>
          <reporter-output>
          </reporter-output>
        </test-method> <!-- runScenario -->
        <test-method signature="runScenario(io.cucumber.testng.PickleWrapper,io.cucumber.testng.FeatureWrapper)[pri:0, instance:Runner.TestRunner@1c7696c6]" started-at="2023-05-24T17:06:59 IST" name="runScenario" description="Runs Cucumber Scenarios" data-provider="scenarios" finished-at="2023-05-24T17:07:19 IST" duration-ms="20009" status="PASS">
          <params>
            <param index="0">
              <value>
                <![CDATA["User navigate to Capture vitals page"]]>
              </value>
            </param>
            <param index="1">
              <value>
                <![CDATA["Optional[OpenMRS Home Page]"]]>
              </value>
            </param>
          </params>
          <reporter-output>
          </reporter-output>
        </test-method> <!-- runScenario -->
        <test-method signature="runScenario(io.cucumber.testng.PickleWrapper,io.cucumber.testng.FeatureWrapper)[pri:0, instance:Runner.TestRunner@1c7696c6]" started-at="2023-05-24T17:07:19 IST" name="runScenario" description="Runs Cucumber Scenarios" data-provider="scenarios" finished-at="2023-05-24T17:07:34 IST" duration-ms="14968" status="PASS">
          <params>
            <param index="0">
              <value>
                <![CDATA["Capture vitals Table coloumn count"]]>
              </value>
            </param>
            <param index="1">
              <value>
                <![CDATA["Optional[OpenMRS Home Page]"]]>
              </value>
            </param>
          </params>
          <reporter-output>
          </reporter-output>
        </test-method> <!-- runScenario -->
        <test-method signature="runScenario(io.cucumber.testng.PickleWrapper,io.cucumber.testng.FeatureWrapper)[pri:0, instance:Runner.TestRunner@1c7696c6]" started-at="2023-05-24T17:07:34 IST" name="runScenario" description="Runs Cucumber Scenarios" data-provider="scenarios" finished-at="2023-05-24T17:07:50 IST" duration-ms="15687" status="PASS">
          <params>
            <param index="0">
              <value>
                <![CDATA["Verify the FP search box"]]>
              </value>
            </param>
            <param index="1">
              <value>
                <![CDATA["Optional[OpenMRS Home Page]"]]>
              </value>
            </param>
          </params>
          <reporter-output>
          </reporter-output>
        </test-method> <!-- runScenario -->
        <test-method signature="runScenario(io.cucumber.testng.PickleWrapper,io.cucumber.testng.FeatureWrapper)[pri:0, instance:Runner.TestRunner@1c7696c6]" started-at="2023-05-24T17:07:50 IST" name="runScenario" description="Runs Cucumber Scenarios" data-provider="scenarios" finished-at="2023-05-24T17:08:10 IST" duration-ms="19975" status="PASS">
          <params>
            <param index="0">
              <value>
                <![CDATA["Verify the FP search box"]]>
              </value>
            </param>
            <param index="1">
              <value>
                <![CDATA["Optional[OpenMRS Home Page]"]]>
              </value>
            </param>
          </params>
          <reporter-output>
          </reporter-output>
        </test-method> <!-- runScenario -->
        <test-method signature="runScenario(io.cucumber.testng.PickleWrapper,io.cucumber.testng.FeatureWrapper)[pri:0, instance:Runner.TestRunner@1c7696c6]" started-at="2023-05-24T17:08:10 IST" name="runScenario" description="Runs Cucumber Scenarios" data-provider="scenarios" finished-at="2023-05-24T17:08:32 IST" duration-ms="22693" status="PASS">
          <params>
            <param index="0">
              <value>
                <![CDATA["Verify the patient full details"]]>
              </value>
            </param>
            <param index="1">
              <value>
                <![CDATA["Optional[OpenMRS Home Page]"]]>
              </value>
            </param>
          </params>
          <reporter-output>
          </reporter-output>
        </test-method> <!-- runScenario -->
        <test-method signature="runScenario(io.cucumber.testng.PickleWrapper,io.cucumber.testng.FeatureWrapper)[pri:0, instance:Runner.TestRunner@1c7696c6]" started-at="2023-05-24T17:08:32 IST" name="runScenario" description="Runs Cucumber Scenarios" data-provider="scenarios" finished-at="2023-05-24T17:08:52 IST" duration-ms="20037" status="PASS">
          <params>
            <param index="0">
              <value>
                <![CDATA["verify with wrong credential in search box"]]>
              </value>
            </param>
            <param index="1">
              <value>
                <![CDATA["Optional[OpenMRS Home Page]"]]>
              </value>
            </param>
          </params>
          <reporter-output>
          </reporter-output>
        </test-method> <!-- runScenario -->
        <test-method signature="runScenario(io.cucumber.testng.PickleWrapper,io.cucumber.testng.FeatureWrapper)[pri:0, instance:Runner.TestRunner@1c7696c6]" started-at="2023-05-24T17:08:52 IST" name="runScenario" description="Runs Cucumber Scenarios" data-provider="scenarios" finished-at="2023-05-24T17:09:07 IST" duration-ms="14439" status="PASS">
          <params>
            <param index="0">
              <value>
                <![CDATA["User navigate to Configure MetaData"]]>
              </value>
            </param>
            <param index="1">
              <value>
                <![CDATA["Optional[OpenMRS Home Page]"]]>
              </value>
            </param>
          </params>
          <reporter-output>
          </reporter-output>
        </test-method> <!-- runScenario -->
        <test-method signature="runScenario(io.cucumber.testng.PickleWrapper,io.cucumber.testng.FeatureWrapper)[pri:0, instance:Runner.TestRunner@1c7696c6]" started-at="2023-05-24T17:09:07 IST" name="runScenario" description="Runs Cucumber Scenarios" data-provider="scenarios" finished-at="2023-05-24T17:09:21 IST" duration-ms="14104" status="PASS">
          <params>
            <param index="0">
              <value>
                <![CDATA["Verify configuration count"]]>
              </value>
            </param>
            <param index="1">
              <value>
                <![CDATA["Optional[OpenMRS Home Page]"]]>
              </value>
            </param>
          </params>
          <reporter-output>
          </reporter-output>
        </test-method> <!-- runScenario -->
        <test-method signature="runScenario(io.cucumber.testng.PickleWrapper,io.cucumber.testng.FeatureWrapper)[pri:0, instance:Runner.TestRunner@1c7696c6]" started-at="2023-05-24T17:09:21 IST" name="runScenario" description="Runs Cucumber Scenarios" data-provider="scenarios" finished-at="2023-05-24T17:09:45 IST" duration-ms="24604" status="PASS">
          <params>
            <param index="0">
              <value>
                <![CDATA["Add new Encounter Role"]]>
              </value>
            </param>
            <param index="1">
              <value>
                <![CDATA["Optional[OpenMRS Home Page]"]]>
              </value>
            </param>
          </params>
          <reporter-output>
          </reporter-output>
        </test-method> <!-- runScenario -->
        <test-method signature="runScenario(io.cucumber.testng.PickleWrapper,io.cucumber.testng.FeatureWrapper)[pri:0, instance:Runner.TestRunner@1c7696c6]" started-at="2023-05-24T17:09:45 IST" name="runScenario" description="Runs Cucumber Scenarios" data-provider="scenarios" finished-at="2023-05-24T17:10:07 IST" duration-ms="21448" status="PASS">
          <params>
            <param index="0">
              <value>
                <![CDATA["Manage the Encounter type"]]>
              </value>
            </param>
            <param index="1">
              <value>
                <![CDATA["Optional[OpenMRS Home Page]"]]>
              </value>
            </param>
          </params>
          <reporter-output>
          </reporter-output>
        </test-method> <!-- runScenario -->
        <test-method signature="runScenario(io.cucumber.testng.PickleWrapper,io.cucumber.testng.FeatureWrapper)[pri:0, instance:Runner.TestRunner@1c7696c6]" started-at="2023-05-24T17:10:07 IST" name="runScenario" description="Runs Cucumber Scenarios" data-provider="scenarios" finished-at="2023-05-24T17:10:24 IST" duration-ms="16979" status="PASS">
          <params>
            <param index="0">
              <value>
                <![CDATA["Manage the Encounter type"]]>
              </value>
            </param>
            <param index="1">
              <value>
                <![CDATA["Optional[OpenMRS Home Page]"]]>
              </value>
            </param>
          </params>
          <reporter-output>
          </reporter-output>
        </test-method> <!-- runScenario -->
        <test-method signature="runScenario(io.cucumber.testng.PickleWrapper,io.cucumber.testng.FeatureWrapper)[pri:0, instance:Runner.TestRunner@1c7696c6]" started-at="2023-05-24T17:10:24 IST" name="runScenario" description="Runs Cucumber Scenarios" data-provider="scenarios" finished-at="2023-05-24T17:10:43 IST" duration-ms="19462" status="PASS">
          <params>
            <param index="0">
              <value>
                <![CDATA["Manage the Encounter type"]]>
              </value>
            </param>
            <param index="1">
              <value>
                <![CDATA["Optional[OpenMRS Home Page]"]]>
              </value>
            </param>
          </params>
          <reporter-output>
          </reporter-output>
        </test-method> <!-- runScenario -->
        <test-method signature="runScenario(io.cucumber.testng.PickleWrapper,io.cucumber.testng.FeatureWrapper)[pri:0, instance:Runner.TestRunner@1c7696c6]" started-at="2023-05-24T17:10:43 IST" name="runScenario" description="Runs Cucumber Scenarios" data-provider="scenarios" finished-at="2023-05-24T17:11:02 IST" duration-ms="18411" status="PASS">
          <params>
            <param index="0">
              <value>
                <![CDATA["Manage the Encounter type"]]>
              </value>
            </param>
            <param index="1">
              <value>
                <![CDATA["Optional[OpenMRS Home Page]"]]>
              </value>
            </param>
          </params>
          <reporter-output>
          </reporter-output>
        </test-method> <!-- runScenario -->
        <test-method signature="runScenario(io.cucumber.testng.PickleWrapper,io.cucumber.testng.FeatureWrapper)[pri:0, instance:Runner.TestRunner@1c7696c6]" started-at="2023-05-24T17:11:02 IST" name="runScenario" description="Runs Cucumber Scenarios" data-provider="scenarios" finished-at="2023-05-24T17:11:17 IST" duration-ms="15768" status="PASS">
          <params>
            <param index="0">
              <value>
                <![CDATA["Manage the Encounter type"]]>
              </value>
            </param>
            <param index="1">
              <value>
                <![CDATA["Optional[OpenMRS Home Page]"]]>
              </value>
            </param>
          </params>
          <reporter-output>
          </reporter-output>
        </test-method> <!-- runScenario -->
        <test-method signature="runScenario(io.cucumber.testng.PickleWrapper,io.cucumber.testng.FeatureWrapper)[pri:0, instance:Runner.TestRunner@1c7696c6]" started-at="2023-05-24T17:11:17 IST" name="runScenario" description="Runs Cucumber Scenarios" data-provider="scenarios" finished-at="2023-05-24T17:11:35 IST" duration-ms="17552" status="PASS">
          <params>
            <param index="0">
              <value>
                <![CDATA["Manage the Encounter type"]]>
              </value>
            </param>
            <param index="1">
              <value>
                <![CDATA["Optional[OpenMRS Home Page]"]]>
              </value>
            </param>
          </params>
          <reporter-output>
          </reporter-output>
        </test-method> <!-- runScenario -->
        <test-method signature="runScenario(io.cucumber.testng.PickleWrapper,io.cucumber.testng.FeatureWrapper)[pri:0, instance:Runner.TestRunner@1c7696c6]" started-at="2023-05-24T17:11:35 IST" name="runScenario" description="Runs Cucumber Scenarios" data-provider="scenarios" finished-at="2023-05-24T17:11:58 IST" duration-ms="23178" status="PASS">
          <params>
            <param index="0">
              <value>
                <![CDATA["Add the Encounter type"]]>
              </value>
            </param>
            <param index="1">
              <value>
                <![CDATA["Optional[OpenMRS Home Page]"]]>
              </value>
            </param>
          </params>
          <reporter-output>
          </reporter-output>
        </test-method> <!-- runScenario -->
        <test-method signature="runScenario(io.cucumber.testng.PickleWrapper,io.cucumber.testng.FeatureWrapper)[pri:0, instance:Runner.TestRunner@1c7696c6]" started-at="2023-05-24T17:11:58 IST" name="runScenario" description="Runs Cucumber Scenarios" data-provider="scenarios" finished-at="2023-05-24T17:12:00 IST" duration-ms="1668" status="FAIL">
          <params>
            <param index="0">
              <value>
                <![CDATA["Manage Forms"]]>
              </value>
            </param>
            <param index="1">
              <value>
                <![CDATA["Optional[OpenMRS Home Page]"]]>
              </value>
            </param>
          </params>
          <exception class="org.openqa.selenium.WebDriverException">
            <message>
              <![CDATA[unknown error: cannot determine loading status
from no such window
  (Session info: chrome=113.0.5672.127)
Build info: version: '4.8.2', revision: '826dbfc730'
System info: os.name: 'Windows 11', os.arch: 'amd64', os.version: '10.0', java.version: '17.0.7'
Driver info: org.openqa.selenium.chrome.ChromeDriver
Command: [80c62d000c9d7bc61ebd13d1b7483f79, get {url=https://demo.openmrs.org/openmrs/login.htm}]
Capabilities {acceptInsecureCerts: false, browserName: chrome, browserVersion: 113.0.5672.127, chrome: {chromedriverVersion: 113.0.5672.63 (0e1a4471d5ae..., userDataDir: C:\Users\Saranaya\AppData\L...}, goog:chromeOptions: {debuggerAddress: localhost:56198}, networkConnectionEnabled: false, pageLoadStrategy: normal, platformName: WINDOWS, proxy: Proxy(), se:cdp: ws://localhost:56198/devtoo..., se:cdpVersion: 113.0.5672.127, setWindowRect: true, strictFileInteractability: false, timeouts: {implicit: 0, pageLoad: 300000, script: 30000}, unhandledPromptBehavior: dismiss and notify, webauthn:extension:credBlob: true, webauthn:extension:largeBlob: true, webauthn:extension:minPinLength: true, webauthn:extension:prf: true, webauthn:virtualAuthenticators: true}
Session ID: 80c62d000c9d7bc61ebd13d1b7483f79]]>
            </message>
            <full-stacktrace>
              <![CDATA[org.openqa.selenium.WebDriverException: unknown error: cannot determine loading status
from no such window
  (Session info: chrome=113.0.5672.127)
Build info: version: '4.8.2', revision: '826dbfc730'
System info: os.name: 'Windows 11', os.arch: 'amd64', os.version: '10.0', java.version: '17.0.7'
Driver info: org.openqa.selenium.chrome.ChromeDriver
Command: [80c62d000c9d7bc61ebd13d1b7483f79, get {url=https://demo.openmrs.org/openmrs/login.htm}]
Capabilities {acceptInsecureCerts: false, browserName: chrome, browserVersion: 113.0.5672.127, chrome: {chromedriverVersion: 113.0.5672.63 (0e1a4471d5ae..., userDataDir: C:\Users\Saranaya\AppData\L...}, goog:chromeOptions: {debuggerAddress: localhost:56198}, networkConnectionEnabled: false, pageLoadStrategy: normal, platformName: WINDOWS, proxy: Proxy(), se:cdp: ws://localhost:56198/devtoo..., se:cdpVersion: 113.0.5672.127, setWindowRect: true, strictFileInteractability: false, timeouts: {implicit: 0, pageLoad: 300000, script: 30000}, unhandledPromptBehavior: dismiss and notify, webauthn:extension:credBlob: true, webauthn:extension:largeBlob: true, webauthn:extension:minPinLength: true, webauthn:extension:prf: true, webauthn:virtualAuthenticators: true}
Session ID: 80c62d000c9d7bc61ebd13d1b7483f79
at java.base/jdk.internal.reflect.NativeConstructorAccessorImpl.newInstance0(Native Method)
at java.base/jdk.internal.reflect.NativeConstructorAccessorImpl.newInstance(NativeConstructorAccessorImpl.java:77)
at java.base/jdk.internal.reflect.DelegatingConstructorAccessorImpl.newInstance(DelegatingConstructorAccessorImpl.java:45)
at java.base/java.lang.reflect.Constructor.newInstanceWithCaller(Constructor.java:499)
at java.base/java.lang.reflect.Constructor.newInstance(Constructor.java:480)
at org.openqa.selenium.remote.codec.w3c.W3CHttpResponseCodec.createException(W3CHttpResponseCodec.java:200)
at org.openqa.selenium.remote.codec.w3c.W3CHttpResponseCodec.decode(W3CHttpResponseCodec.java:133)
at org.openqa.selenium.remote.codec.w3c.W3CHttpResponseCodec.decode(W3CHttpResponseCodec.java:53)
at org.openqa.selenium.remote.HttpCommandExecutor.execute(HttpCommandExecutor.java:193)
at org.openqa.selenium.remote.service.DriverCommandExecutor.invokeExecute(DriverCommandExecutor.java:183)
at org.openqa.selenium.remote.service.DriverCommandExecutor.execute(DriverCommandExecutor.java:158)
at org.openqa.selenium.remote.RemoteWebDriver.execute(RemoteWebDriver.java:543)
at org.openqa.selenium.remote.RemoteWebDriver.get(RemoteWebDriver.java:297)
at hooks.hook.beforescenario(hook.java:18)
]]>
            </full-stacktrace>
          </exception> <!-- org.openqa.selenium.WebDriverException -->
          <reporter-output>
          </reporter-output>
        </test-method> <!-- runScenario -->
        <test-method signature="runScenario(io.cucumber.testng.PickleWrapper,io.cucumber.testng.FeatureWrapper)[pri:0, instance:Runner.TestRunner@1c7696c6]" started-at="2023-05-24T17:12:00 IST" name="runScenario" description="Runs Cucumber Scenarios" data-provider="scenarios" finished-at="2023-05-24T17:12:19 IST" duration-ms="18766" status="PASS">
          <params>
            <param index="0">
              <value>
                <![CDATA["Manage Forms"]]>
              </value>
            </param>
            <param index="1">
              <value>
                <![CDATA["Optional[OpenMRS Home Page]"]]>
              </value>
            </param>
          </params>
          <reporter-output>
          </reporter-output>
        </test-method> <!-- runScenario -->
        <test-method signature="runScenario(io.cucumber.testng.PickleWrapper,io.cucumber.testng.FeatureWrapper)[pri:0, instance:Runner.TestRunner@1c7696c6]" started-at="2023-05-24T17:12:19 IST" name="runScenario" description="Runs Cucumber Scenarios" data-provider="scenarios" finished-at="2023-05-24T17:12:33 IST" duration-ms="14830" status="PASS">
          <params>
            <param index="0">
              <value>
                <![CDATA["Manage Forms"]]>
              </value>
            </param>
            <param index="1">
              <value>
                <![CDATA["Optional[OpenMRS Home Page]"]]>
              </value>
            </param>
          </params>
          <reporter-output>
          </reporter-output>
        </test-method> <!-- runScenario -->
        <test-method signature="runScenario(io.cucumber.testng.PickleWrapper,io.cucumber.testng.FeatureWrapper)[pri:0, instance:Runner.TestRunner@1c7696c6]" started-at="2023-05-24T17:12:33 IST" name="runScenario" description="Runs Cucumber Scenarios" data-provider="scenarios" finished-at="2023-05-24T17:12:50 IST" duration-ms="16739" status="PASS">
          <params>
            <param index="0">
              <value>
                <![CDATA["Manage Forms"]]>
              </value>
            </param>
            <param index="1">
              <value>
                <![CDATA["Optional[OpenMRS Home Page]"]]>
              </value>
            </param>
          </params>
          <reporter-output>
          </reporter-output>
        </test-method> <!-- runScenario -->
        <test-method signature="runScenario(io.cucumber.testng.PickleWrapper,io.cucumber.testng.FeatureWrapper)[pri:0, instance:Runner.TestRunner@1c7696c6]" started-at="2023-05-24T17:12:50 IST" name="runScenario" description="Runs Cucumber Scenarios" data-provider="scenarios" finished-at="2023-05-24T17:13:09 IST" duration-ms="18804" status="PASS">
          <params>
            <param index="0">
              <value>
                <![CDATA["Manage Forms"]]>
              </value>
            </param>
            <param index="1">
              <value>
                <![CDATA["Optional[OpenMRS Home Page]"]]>
              </value>
            </param>
          </params>
          <reporter-output>
          </reporter-output>
        </test-method> <!-- runScenario -->
        <test-method signature="runScenario(io.cucumber.testng.PickleWrapper,io.cucumber.testng.FeatureWrapper)[pri:0, instance:Runner.TestRunner@1c7696c6]" started-at="2023-05-24T17:13:09 IST" name="runScenario" description="Runs Cucumber Scenarios" data-provider="scenarios" finished-at="2023-05-24T17:13:25 IST" duration-ms="16068" status="PASS">
          <params>
            <param index="0">
              <value>
                <![CDATA["Verify locations sessions"]]>
              </value>
            </param>
            <param index="1">
              <value>
                <![CDATA["Optional[OpenMRS Home Page]"]]>
              </value>
            </param>
          </params>
          <reporter-output>
          </reporter-output>
        </test-method> <!-- runScenario -->
        <test-method signature="runScenario(io.cucumber.testng.PickleWrapper,io.cucumber.testng.FeatureWrapper)[pri:0, instance:Runner.TestRunner@1c7696c6]" started-at="2023-05-24T17:13:25 IST" name="runScenario" description="Runs Cucumber Scenarios" data-provider="scenarios" finished-at="2023-05-24T17:13:43 IST" duration-ms="18098" status="PASS">
          <params>
            <param index="0">
              <value>
                <![CDATA["Verify locations sessions"]]>
              </value>
            </param>
            <param index="1">
              <value>
                <![CDATA["Optional[OpenMRS Home Page]"]]>
              </value>
            </param>
          </params>
          <reporter-output>
          </reporter-output>
        </test-method> <!-- runScenario -->
        <test-method signature="runScenario(io.cucumber.testng.PickleWrapper,io.cucumber.testng.FeatureWrapper)[pri:0, instance:Runner.TestRunner@1c7696c6]" started-at="2023-05-24T17:13:43 IST" name="runScenario" description="Runs Cucumber Scenarios" data-provider="scenarios" finished-at="2023-05-24T17:14:00 IST" duration-ms="16298" status="PASS">
          <params>
            <param index="0">
              <value>
                <![CDATA["Verify locations sessions"]]>
              </value>
            </param>
            <param index="1">
              <value>
                <![CDATA["Optional[OpenMRS Home Page]"]]>
              </value>
            </param>
          </params>
          <reporter-output>
          </reporter-output>
        </test-method> <!-- runScenario -->
        <test-method signature="runScenario(io.cucumber.testng.PickleWrapper,io.cucumber.testng.FeatureWrapper)[pri:0, instance:Runner.TestRunner@1c7696c6]" started-at="2023-05-24T17:14:00 IST" name="runScenario" description="Runs Cucumber Scenarios" data-provider="scenarios" finished-at="2023-05-24T17:14:21 IST" duration-ms="21990" status="PASS">
          <params>
            <param index="0">
              <value>
                <![CDATA["Verify locations sessions"]]>
              </value>
            </param>
            <param index="1">
              <value>
                <![CDATA["Optional[OpenMRS Home Page]"]]>
              </value>
            </param>
          </params>
          <reporter-output>
          </reporter-output>
        </test-method> <!-- runScenario -->
        <test-method signature="runScenario(io.cucumber.testng.PickleWrapper,io.cucumber.testng.FeatureWrapper)[pri:0, instance:Runner.TestRunner@1c7696c6]" started-at="2023-05-24T17:14:21 IST" name="runScenario" description="Runs Cucumber Scenarios" data-provider="scenarios" finished-at="2023-05-24T17:14:40 IST" duration-ms="18795" status="PASS">
          <params>
            <param index="0">
              <value>
                <![CDATA["Verify locations sessions"]]>
              </value>
            </param>
            <param index="1">
              <value>
                <![CDATA["Optional[OpenMRS Home Page]"]]>
              </value>
            </param>
          </params>
          <reporter-output>
          </reporter-output>
        </test-method> <!-- runScenario -->
        <test-method signature="runScenario(io.cucumber.testng.PickleWrapper,io.cucumber.testng.FeatureWrapper)[pri:0, instance:Runner.TestRunner@1c7696c6]" started-at="2023-05-24T17:14:40 IST" name="runScenario" description="Runs Cucumber Scenarios" data-provider="scenarios" finished-at="2023-05-24T17:15:00 IST" duration-ms="19739" status="PASS">
          <params>
            <param index="0">
              <value>
                <![CDATA["Verify locations sessions"]]>
              </value>
            </param>
            <param index="1">
              <value>
                <![CDATA["Optional[OpenMRS Home Page]"]]>
              </value>
            </param>
          </params>
          <reporter-output>
          </reporter-output>
        </test-method> <!-- runScenario -->
        <test-method signature="runScenario(io.cucumber.testng.PickleWrapper,io.cucumber.testng.FeatureWrapper)[pri:0, instance:Runner.TestRunner@1c7696c6]" started-at="2023-05-24T17:15:00 IST" name="runScenario" description="Runs Cucumber Scenarios" data-provider="scenarios" finished-at="2023-05-24T17:15:19 IST" duration-ms="18734" status="PASS">
          <params>
            <param index="0">
              <value>
                <![CDATA["Verify patient identifier type"]]>
              </value>
            </param>
            <param index="1">
              <value>
                <![CDATA["Optional[OpenMRS Home Page]"]]>
              </value>
            </param>
          </params>
          <reporter-output>
          </reporter-output>
        </test-method> <!-- runScenario -->
        <test-method signature="runScenario(io.cucumber.testng.PickleWrapper,io.cucumber.testng.FeatureWrapper)[pri:0, instance:Runner.TestRunner@1c7696c6]" started-at="2023-05-24T17:15:19 IST" name="runScenario" description="Runs Cucumber Scenarios" data-provider="scenarios" finished-at="2023-05-24T17:15:37 IST" duration-ms="18414" status="PASS">
          <params>
            <param index="0">
              <value>
                <![CDATA["Verify patient identifier type"]]>
              </value>
            </param>
            <param index="1">
              <value>
                <![CDATA["Optional[OpenMRS Home Page]"]]>
              </value>
            </param>
          </params>
          <reporter-output>
          </reporter-output>
        </test-method> <!-- runScenario -->
        <test-method signature="runScenario(io.cucumber.testng.PickleWrapper,io.cucumber.testng.FeatureWrapper)[pri:0, instance:Runner.TestRunner@1c7696c6]" started-at="2023-05-24T17:15:37 IST" name="runScenario" description="Runs Cucumber Scenarios" data-provider="scenarios" finished-at="2023-05-24T17:15:57 IST" duration-ms="19916" status="PASS">
          <params>
            <param index="0">
              <value>
                <![CDATA["Verify patient identifier type"]]>
              </value>
            </param>
            <param index="1">
              <value>
                <![CDATA["Optional[OpenMRS Home Page]"]]>
              </value>
            </param>
          </params>
          <reporter-output>
          </reporter-output>
        </test-method> <!-- runScenario -->
        <test-method signature="runScenario(io.cucumber.testng.PickleWrapper,io.cucumber.testng.FeatureWrapper)[pri:0, instance:Runner.TestRunner@1c7696c6]" started-at="2023-05-24T17:15:57 IST" name="runScenario" description="Runs Cucumber Scenarios" data-provider="scenarios" finished-at="2023-05-24T17:16:16 IST" duration-ms="18459" status="PASS">
          <params>
            <param index="0">
              <value>
                <![CDATA["Verify patient identifier type"]]>
              </value>
            </param>
            <param index="1">
              <value>
                <![CDATA["Optional[OpenMRS Home Page]"]]>
              </value>
            </param>
          </params>
          <reporter-output>
          </reporter-output>
        </test-method> <!-- runScenario -->
        <test-method signature="runScenario(io.cucumber.testng.PickleWrapper,io.cucumber.testng.FeatureWrapper)[pri:0, instance:Runner.TestRunner@1c7696c6]" started-at="2023-05-24T17:16:16 IST" name="runScenario" description="Runs Cucumber Scenarios" data-provider="scenarios" finished-at="2023-05-24T17:16:33 IST" duration-ms="17122" status="PASS">
          <params>
            <param index="0">
              <value>
                <![CDATA["Verify the Roles and Privileges"]]>
              </value>
            </param>
            <param index="1">
              <value>
                <![CDATA["Optional[OpenMRS Home Page]"]]>
              </value>
            </param>
          </params>
          <reporter-output>
          </reporter-output>
        </test-method> <!-- runScenario -->
        <test-method signature="runScenario(io.cucumber.testng.PickleWrapper,io.cucumber.testng.FeatureWrapper)[pri:0, instance:Runner.TestRunner@1c7696c6]" started-at="2023-05-24T17:16:33 IST" name="runScenario" description="Runs Cucumber Scenarios" data-provider="scenarios" finished-at="2023-05-24T17:16:59 IST" duration-ms="26770" status="PASS">
          <params>
            <param index="0">
              <value>
                <![CDATA["Verify Merge Patient Electronic Records"]]>
              </value>
            </param>
            <param index="1">
              <value>
                <![CDATA["Optional[OpenMRS Home Page]"]]>
              </value>
            </param>
          </params>
          <reporter-output>
          </reporter-output>
        </test-method> <!-- runScenario -->
        <test-method signature="runScenario(io.cucumber.testng.PickleWrapper,io.cucumber.testng.FeatureWrapper)[pri:0, instance:Runner.TestRunner@1c7696c6]" started-at="2023-05-24T17:16:59 IST" name="runScenario" description="Runs Cucumber Scenarios" data-provider="scenarios" finished-at="2023-05-24T17:17:18 IST" duration-ms="18341" status="PASS">
          <params>
            <param index="0">
              <value>
                <![CDATA["User navigate to Find patient page"]]>
              </value>
            </param>
            <param index="1">
              <value>
                <![CDATA["Optional[OpenMRS Home Page]"]]>
              </value>
            </param>
          </params>
          <reporter-output>
          </reporter-output>
        </test-method> <!-- runScenario -->
        <test-method signature="runScenario(io.cucumber.testng.PickleWrapper,io.cucumber.testng.FeatureWrapper)[pri:0, instance:Runner.TestRunner@1c7696c6]" started-at="2023-05-24T17:17:18 IST" name="runScenario" description="Runs Cucumber Scenarios" data-provider="scenarios" finished-at="2023-05-24T17:17:34 IST" duration-ms="16647" status="PASS">
          <params>
            <param index="0">
              <value>
                <![CDATA["FP Table coloumn count"]]>
              </value>
            </param>
            <param index="1">
              <value>
                <![CDATA["Optional[OpenMRS Home Page]"]]>
              </value>
            </param>
          </params>
          <reporter-output>
          </reporter-output>
        </test-method> <!-- runScenario -->
        <test-method signature="runScenario(io.cucumber.testng.PickleWrapper,io.cucumber.testng.FeatureWrapper)[pri:0, instance:Runner.TestRunner@1c7696c6]" started-at="2023-05-24T17:17:34 IST" name="runScenario" description="Runs Cucumber Scenarios" data-provider="scenarios" finished-at="2023-05-24T17:17:52 IST" duration-ms="17473" status="PASS">
          <params>
            <param index="0">
              <value>
                <![CDATA["Verify Find Patient record"]]>
              </value>
            </param>
            <param index="1">
              <value>
                <![CDATA["Optional[OpenMRS Home Page]"]]>
              </value>
            </param>
          </params>
          <reporter-output>
          </reporter-output>
        </test-method> <!-- runScenario -->
        <test-method signature="runScenario(io.cucumber.testng.PickleWrapper,io.cucumber.testng.FeatureWrapper)[pri:0, instance:Runner.TestRunner@1c7696c6]" started-at="2023-05-24T17:17:52 IST" name="runScenario" description="Runs Cucumber Scenarios" data-provider="scenarios" finished-at="2023-05-24T17:18:06 IST" duration-ms="14356" status="PASS">
          <params>
            <param index="0">
              <value>
                <![CDATA["Verify Find Patient record"]]>
              </value>
            </param>
            <param index="1">
              <value>
                <![CDATA["Optional[OpenMRS Home Page]"]]>
              </value>
            </param>
          </params>
          <reporter-output>
          </reporter-output>
        </test-method> <!-- runScenario -->
        <test-method signature="runScenario(io.cucumber.testng.PickleWrapper,io.cucumber.testng.FeatureWrapper)[pri:0, instance:Runner.TestRunner@1c7696c6]" started-at="2023-05-24T17:18:06 IST" name="runScenario" description="Runs Cucumber Scenarios" data-provider="scenarios" finished-at="2023-05-24T17:18:24 IST" duration-ms="18018" status="PASS">
          <params>
            <param index="0">
              <value>
                <![CDATA["Verify Find Patient record"]]>
              </value>
            </param>
            <param index="1">
              <value>
                <![CDATA["Optional[OpenMRS Home Page]"]]>
              </value>
            </param>
          </params>
          <reporter-output>
          </reporter-output>
        </test-method> <!-- runScenario -->
        <test-method signature="runScenario(io.cucumber.testng.PickleWrapper,io.cucumber.testng.FeatureWrapper)[pri:0, instance:Runner.TestRunner@1c7696c6]" started-at="2023-05-24T17:18:24 IST" name="runScenario" description="Runs Cucumber Scenarios" data-provider="scenarios" finished-at="2023-05-24T17:18:42 IST" duration-ms="17519" status="PASS">
          <params>
            <param index="0">
              <value>
                <![CDATA["Verify Find Patient record"]]>
              </value>
            </param>
            <param index="1">
              <value>
                <![CDATA["Optional[OpenMRS Home Page]"]]>
              </value>
            </param>
          </params>
          <reporter-output>
          </reporter-output>
        </test-method> <!-- runScenario -->
        <test-method signature="runScenario(io.cucumber.testng.PickleWrapper,io.cucumber.testng.FeatureWrapper)[pri:0, instance:Runner.TestRunner@1c7696c6]" started-at="2023-05-24T17:18:42 IST" name="runScenario" description="Runs Cucumber Scenarios" data-provider="scenarios" finished-at="2023-05-24T17:19:01 IST" duration-ms="19436" status="PASS">
          <params>
            <param index="0">
              <value>
                <![CDATA["Verify Find Patient record"]]>
              </value>
            </param>
            <param index="1">
              <value>
                <![CDATA["Optional[OpenMRS Home Page]"]]>
              </value>
            </param>
          </params>
          <reporter-output>
          </reporter-output>
        </test-method> <!-- runScenario -->
        <test-method signature="runScenario(io.cucumber.testng.PickleWrapper,io.cucumber.testng.FeatureWrapper)[pri:0, instance:Runner.TestRunner@1c7696c6]" started-at="2023-05-24T17:19:01 IST" name="runScenario" description="Runs Cucumber Scenarios" data-provider="scenarios" finished-at="2023-05-24T17:19:20 IST" duration-ms="18563" status="PASS">
          <params>
            <param index="0">
              <value>
                <![CDATA["Verify the FP search box"]]>
              </value>
            </param>
            <param index="1">
              <value>
                <![CDATA["Optional[OpenMRS Home Page]"]]>
              </value>
            </param>
          </params>
          <reporter-output>
          </reporter-output>
        </test-method> <!-- runScenario -->
        <test-method signature="runScenario(io.cucumber.testng.PickleWrapper,io.cucumber.testng.FeatureWrapper)[pri:0, instance:Runner.TestRunner@1c7696c6]" started-at="2023-05-24T17:19:20 IST" name="runScenario" description="Runs Cucumber Scenarios" data-provider="scenarios" finished-at="2023-05-24T17:19:55 IST" duration-ms="35550" status="PASS">
          <params>
            <param index="0">
              <value>
                <![CDATA["Verify the patient full details"]]>
              </value>
            </param>
            <param index="1">
              <value>
                <![CDATA["Optional[OpenMRS Home Page]"]]>
              </value>
            </param>
          </params>
          <reporter-output>
          </reporter-output>
        </test-method> <!-- runScenario -->
        <test-method signature="runScenario(io.cucumber.testng.PickleWrapper,io.cucumber.testng.FeatureWrapper)[pri:0, instance:Runner.TestRunner@1c7696c6]" started-at="2023-05-24T17:19:55 IST" name="runScenario" description="Runs Cucumber Scenarios" data-provider="scenarios" finished-at="2023-05-24T17:20:22 IST" duration-ms="26549" status="PASS">
          <params>
            <param index="0">
              <value>
                <![CDATA["Verify patient medical information"]]>
              </value>
            </param>
            <param index="1">
              <value>
                <![CDATA["Optional[OpenMRS Home Page]"]]>
              </value>
            </param>
          </params>
          <reporter-output>
          </reporter-output>
        </test-method> <!-- runScenario -->
        <test-method signature="runScenario(io.cucumber.testng.PickleWrapper,io.cucumber.testng.FeatureWrapper)[pri:0, instance:Runner.TestRunner@1c7696c6]" started-at="2023-05-24T17:20:22 IST" name="runScenario" description="Runs Cucumber Scenarios" data-provider="scenarios" finished-at="2023-05-24T17:21:03 IST" duration-ms="40940" status="PASS">
          <params>
            <param index="0">
              <value>
                <![CDATA["Verify patient medical information"]]>
              </value>
            </param>
            <param index="1">
              <value>
                <![CDATA["Optional[OpenMRS Home Page]"]]>
              </value>
            </param>
          </params>
          <reporter-output>
          </reporter-output>
        </test-method> <!-- runScenario -->
        <test-method signature="runScenario(io.cucumber.testng.PickleWrapper,io.cucumber.testng.FeatureWrapper)[pri:0, instance:Runner.TestRunner@1c7696c6]" started-at="2023-05-24T17:21:03 IST" name="runScenario" description="Runs Cucumber Scenarios" data-provider="scenarios" finished-at="2023-05-24T17:21:37 IST" duration-ms="34098" status="PASS">
          <params>
            <param index="0">
              <value>
                <![CDATA["Verify patient medical information"]]>
              </value>
            </param>
            <param index="1">
              <value>
                <![CDATA["Optional[OpenMRS Home Page]"]]>
              </value>
            </param>
          </params>
          <reporter-output>
          </reporter-output>
        </test-method> <!-- runScenario -->
        <test-method signature="runScenario(io.cucumber.testng.PickleWrapper,io.cucumber.testng.FeatureWrapper)[pri:0, instance:Runner.TestRunner@1c7696c6]" started-at="2023-05-24T17:21:37 IST" name="runScenario" description="Runs Cucumber Scenarios" data-provider="scenarios" finished-at="2023-05-24T17:21:38 IST" duration-ms="1533" status="FAIL">
          <params>
            <param index="0">
              <value>
                <![CDATA["Verify patient medical information"]]>
              </value>
            </param>
            <param index="1">
              <value>
                <![CDATA["Optional[OpenMRS Home Page]"]]>
              </value>
            </param>
          </params>
          <exception class="org.openqa.selenium.SessionNotCreatedException">
            <message>
              <![CDATA[Could not start a new session. Response code 500. Message: session not created
from no such execution context: uniqueContextId not found
  (Session info: chrome=113.0.5672.127) 
Host info: host: 'LAPTOP-KAPRIBPB', ip: '192.168.0.63'
Build info: version: '4.8.2', revision: '826dbfc730'
System info: os.name: 'Windows 11', os.arch: 'amd64', os.version: '10.0', java.version: '17.0.7'
Driver info: org.openqa.selenium.chrome.ChromeDriver
Command: [null, newSession {capabilities=[Capabilities {browserName: chrome, goog:chromeOptions: {args: [--remote-allow-origins=*], extensions: []}}], desiredCapabilities=Capabilities {browserName: chrome, goog:chromeOptions: {args: [--remote-allow-origins=*], extensions: []}}}]]]>
            </message>
            <full-stacktrace>
              <![CDATA[org.openqa.selenium.SessionNotCreatedException: Could not start a new session. Response code 500. Message: session not created
from no such execution context: uniqueContextId not found
  (Session info: chrome=113.0.5672.127) 
Host info: host: 'LAPTOP-KAPRIBPB', ip: '192.168.0.63'
Build info: version: '4.8.2', revision: '826dbfc730'
System info: os.name: 'Windows 11', os.arch: 'amd64', os.version: '10.0', java.version: '17.0.7'
Driver info: org.openqa.selenium.chrome.ChromeDriver
Command: [null, newSession {capabilities=[Capabilities {browserName: chrome, goog:chromeOptions: {args: [--remote-allow-origins=*], extensions: []}}], desiredCapabilities=Capabilities {browserName: chrome, goog:chromeOptions: {args: [--remote-allow-origins=*], extensions: []}}}]
at org.openqa.selenium.remote.ProtocolHandshake.createSession(ProtocolHandshake.java:148)
at org.openqa.selenium.remote.ProtocolHandshake.createSession(ProtocolHandshake.java:106)
at org.openqa.selenium.remote.ProtocolHandshake.createSession(ProtocolHandshake.java:67)
at org.openqa.selenium.remote.HttpCommandExecutor.execute(HttpCommandExecutor.java:165)
at org.openqa.selenium.remote.service.DriverCommandExecutor.invokeExecute(DriverCommandExecutor.java:183)
at org.openqa.selenium.remote.service.DriverCommandExecutor.execute(DriverCommandExecutor.java:158)
at org.openqa.selenium.remote.RemoteWebDriver.execute(RemoteWebDriver.java:543)
at org.openqa.selenium.remote.RemoteWebDriver.startSession(RemoteWebDriver.java:229)
at org.openqa.selenium.remote.RemoteWebDriver.<init>(RemoteWebDriver.java:157)
at org.openqa.selenium.chromium.ChromiumDriver.<init>(ChromiumDriver.java:101)
at org.openqa.selenium.chrome.ChromeDriver.<init>(ChromeDriver.java:88)
at org.openqa.selenium.chrome.ChromeDriver.<init>(ChromeDriver.java:84)
at org.openqa.selenium.chrome.ChromeDriver.<init>(ChromeDriver.java:52)
at hooks.hook.beforescenario(hook.java:17)
]]>
            </full-stacktrace>
          </exception> <!-- org.openqa.selenium.SessionNotCreatedException -->
          <reporter-output>
          </reporter-output>
        </test-method> <!-- runScenario -->
        <test-method signature="runScenario(io.cucumber.testng.PickleWrapper,io.cucumber.testng.FeatureWrapper)[pri:0, instance:Runner.TestRunner@1c7696c6]" started-at="2023-05-24T17:21:38 IST" name="runScenario" description="Runs Cucumber Scenarios" data-provider="scenarios" finished-at="2023-05-24T17:22:04 IST" duration-ms="25806" status="PASS">
          <params>
            <param index="0">
              <value>
                <![CDATA["Verify patient medical information"]]>
              </value>
            </param>
            <param index="1">
              <value>
                <![CDATA["Optional[OpenMRS Home Page]"]]>
              </value>
            </param>
          </params>
          <reporter-output>
          </reporter-output>
        </test-method> <!-- runScenario -->
        <test-method signature="runScenario(io.cucumber.testng.PickleWrapper,io.cucumber.testng.FeatureWrapper)[pri:0, instance:Runner.TestRunner@1c7696c6]" started-at="2023-05-24T17:22:04 IST" name="runScenario" description="Runs Cucumber Scenarios" data-provider="scenarios" finished-at="2023-05-24T17:22:32 IST" duration-ms="27599" status="PASS">
          <params>
            <param index="0">
              <value>
                <![CDATA["Verify patient medical information"]]>
              </value>
            </param>
            <param index="1">
              <value>
                <![CDATA["Optional[OpenMRS Home Page]"]]>
              </value>
            </param>
          </params>
          <reporter-output>
          </reporter-output>
        </test-method> <!-- runScenario -->
        <test-method signature="runScenario(io.cucumber.testng.PickleWrapper,io.cucumber.testng.FeatureWrapper)[pri:0, instance:Runner.TestRunner@1c7696c6]" started-at="2023-05-24T17:22:32 IST" name="runScenario" description="Runs Cucumber Scenarios" data-provider="scenarios" finished-at="2023-05-24T17:22:56 IST" duration-ms="24524" status="PASS">
          <params>
            <param index="0">
              <value>
                <![CDATA["Verify patient medical information"]]>
              </value>
            </param>
            <param index="1">
              <value>
                <![CDATA["Optional[OpenMRS Home Page]"]]>
              </value>
            </param>
          </params>
          <reporter-output>
          </reporter-output>
        </test-method> <!-- runScenario -->
        <test-method signature="runScenario(io.cucumber.testng.PickleWrapper,io.cucumber.testng.FeatureWrapper)[pri:0, instance:Runner.TestRunner@1c7696c6]" started-at="2023-05-24T17:22:56 IST" name="runScenario" description="Runs Cucumber Scenarios" data-provider="scenarios" finished-at="2023-05-24T17:23:26 IST" duration-ms="29317" status="PASS">
          <params>
            <param index="0">
              <value>
                <![CDATA["Verify patient medical information"]]>
              </value>
            </param>
            <param index="1">
              <value>
                <![CDATA["Optional[OpenMRS Home Page]"]]>
              </value>
            </param>
          </params>
          <reporter-output>
          </reporter-output>
        </test-method> <!-- runScenario -->
        <test-method signature="runScenario(io.cucumber.testng.PickleWrapper,io.cucumber.testng.FeatureWrapper)[pri:0, instance:Runner.TestRunner@1c7696c6]" started-at="2023-05-24T17:23:26 IST" name="runScenario" description="Runs Cucumber Scenarios" data-provider="scenarios" finished-at="2023-05-24T17:23:46 IST" duration-ms="19801" status="PASS">
          <params>
            <param index="0">
              <value>
                <![CDATA["verify with wrong credential in search box"]]>
              </value>
            </param>
            <param index="1">
              <value>
                <![CDATA["Optional[OpenMRS Home Page]"]]>
              </value>
            </param>
          </params>
          <reporter-output>
          </reporter-output>
        </test-method> <!-- runScenario -->
        <test-method signature="runScenario(io.cucumber.testng.PickleWrapper,io.cucumber.testng.FeatureWrapper)[pri:0, instance:Runner.TestRunner@1c7696c6]" started-at="2023-05-24T17:23:46 IST" name="runScenario" description="Runs Cucumber Scenarios" data-provider="scenarios" finished-at="2023-05-24T17:24:09 IST" duration-ms="23131" status="PASS">
          <params>
            <param index="0">
              <value>
                <![CDATA["User navigate to Register Patient page"]]>
              </value>
            </param>
            <param index="1">
              <value>
                <![CDATA["Optional[OpenMRS Home Page]"]]>
              </value>
            </param>
          </params>
          <reporter-output>
          </reporter-output>
        </test-method> <!-- runScenario -->
        <test-method signature="runScenario(io.cucumber.testng.PickleWrapper,io.cucumber.testng.FeatureWrapper)[pri:0, instance:Runner.TestRunner@1c7696c6]" started-at="2023-05-24T17:24:09 IST" name="runScenario" description="Runs Cucumber Scenarios" data-provider="scenarios" finished-at="2023-05-24T17:24:42 IST" duration-ms="33414" status="PASS">
          <params>
            <param index="0">
              <value>
                <![CDATA["Verify patient Demographics registeration"]]>
              </value>
            </param>
            <param index="1">
              <value>
                <![CDATA["Optional[OpenMRS Home Page]"]]>
[...]
          <params>
            <param index="0">
              <value>
                <![CDATA["Verify the Advanced Administration Record"]]>
              </value>
            </param>
            <param index="1">
              <value>
                <![CDATA["Optional[OpenMRS Home Page]"]]>
              </value>
            </param>
          </params>
          <reporter-output>
          </reporter-output>
        </test-method> <!-- runScenario -->
        <test-method signature="runScenario(io.cucumber.testng.PickleWrapper,io.cucumber.testng.FeatureWrapper)[pri:0, instance:Runner.TestRunner@1c7696c6]" started-at="2023-05-24T17:37:41 IST" name="runScenario" description="Runs Cucumber Scenarios" data-provider="scenarios" finished-at="2023-05-24T17:38:01 IST" duration-ms="20041" status="PASS">
          <params>
            <param index="0">
              <value>
                <![CDATA["Verify the Advanced Administration Record"]]>
              </value>
            </param>
            <param index="1">
              <value>
                <![CDATA["Optional[OpenMRS Home Page]"]]>
              </value>
            </param>
          </params>
          <reporter-output>
          </reporter-output>
        </test-method> <!-- runScenario -->
        <test-method signature="runScenario(io.cucumber.testng.PickleWrapper,io.cucumber.testng.FeatureWrapper)[pri:0, instance:Runner.TestRunner@1c7696c6]" started-at="2023-05-24T17:38:01 IST" name="runScenario" description="Runs Cucumber Scenarios" data-provider="scenarios" finished-at="2023-05-24T17:38:23 IST" duration-ms="22722" status="PASS">
          <params>
            <param index="0">
              <value>
                <![CDATA["Verify the Advanced Administration Record"]]>
              </value>
            </param>
            <param index="1">
              <value>
                <![CDATA["Optional[OpenMRS Home Page]"]]>
              </value>
            </param>
          </params>
          <reporter-output>
          </reporter-output>
        </test-method> <!-- runScenario -->
        <test-method signature="runScenario(io.cucumber.testng.PickleWrapper,io.cucumber.testng.FeatureWrapper)[pri:0, instance:Runner.TestRunner@1c7696c6]" started-at="2023-05-24T17:38:24 IST" name="runScenario" description="Runs Cucumber Scenarios" data-provider="scenarios" finished-at="2023-05-24T17:38:50 IST" duration-ms="26662" status="PASS">
          <params>
            <param index="0">
              <value>
                <![CDATA["Verify the Advanced Administration Record"]]>
              </value>
            </param>
            <param index="1">
              <value>
                <![CDATA["Optional[OpenMRS Home Page]"]]>
              </value>
            </param>
          </params>
          <reporter-output>
          </reporter-output>
        </test-method> <!-- runScenario -->
        <test-method signature="runScenario(io.cucumber.testng.PickleWrapper,io.cucumber.testng.FeatureWrapper)[pri:0, instance:Runner.TestRunner@1c7696c6]" started-at="2023-05-24T17:38:50 IST" name="runScenario" description="Runs Cucumber Scenarios" data-provider="scenarios" finished-at="2023-05-24T17:39:09 IST" duration-ms="18749" status="PASS">
          <params>
            <param index="0">
              <value>
                <![CDATA["Verify the Advanced Administration Record"]]>
              </value>
            </param>
            <param index="1">
              <value>
                <![CDATA["Optional[OpenMRS Home Page]"]]>
              </value>
            </param>
          </params>
          <reporter-output>
          </reporter-output>
        </test-method> <!-- runScenario -->
        <test-method signature="runScenario(io.cucumber.testng.PickleWrapper,io.cucumber.testng.FeatureWrapper)[pri:0, instance:Runner.TestRunner@1c7696c6]" started-at="2023-05-24T17:39:09 IST" name="runScenario" description="Runs Cucumber Scenarios" data-provider="scenarios" finished-at="2023-05-24T17:39:36 IST" duration-ms="26783" status="PASS">
          <params>
            <param index="0">
              <value>
                <![CDATA["Verify the Advanced Administration Record"]]>
              </value>
            </param>
            <param index="1">
              <value>
                <![CDATA["Optional[OpenMRS Home Page]"]]>
              </value>
            </param>
          </params>
          <reporter-output>
          </reporter-output>
        </test-method> <!-- runScenario -->
        <test-method signature="runScenario(io.cucumber.testng.PickleWrapper,io.cucumber.testng.FeatureWrapper)[pri:0, instance:Runner.TestRunner@1c7696c6]" started-at="2023-05-24T17:39:36 IST" name="runScenario" description="Runs Cucumber Scenarios" data-provider="scenarios" finished-at="2023-05-24T17:39:58 IST" duration-ms="22219" status="PASS">
          <params>
            <param index="0">
              <value>
                <![CDATA["Verify the Advanced Administration Record"]]>
              </value>
            </param>
            <param index="1">
              <value>
                <![CDATA["Optional[OpenMRS Home Page]"]]>
              </value>
            </param>
          </params>
          <reporter-output>
          </reporter-output>
        </test-method> <!-- runScenario -->
        <test-method signature="runScenario(io.cucumber.testng.PickleWrapper,io.cucumber.testng.FeatureWrapper)[pri:0, instance:Runner.TestRunner@1c7696c6]" started-at="2023-05-24T17:39:58 IST" name="runScenario" description="Runs Cucumber Scenarios" data-provider="scenarios" finished-at="2023-05-24T17:40:19 IST" duration-ms="21222" status="PASS">
          <params>
            <param index="0">
              <value>
                <![CDATA["Verify the Advanced Administration Record"]]>
              </value>
            </param>
            <param index="1">
              <value>
                <![CDATA["Optional[OpenMRS Home Page]"]]>
              </value>
            </param>
          </params>
          <reporter-output>
          </reporter-output>
        </test-method> <!-- runScenario -->
        <test-method signature="runScenario(io.cucumber.testng.PickleWrapper,io.cucumber.testng.FeatureWrapper)[pri:0, instance:Runner.TestRunner@1c7696c6]" started-at="2023-05-24T17:40:19 IST" name="runScenario" description="Runs Cucumber Scenarios" data-provider="scenarios" finished-at="2023-05-24T17:40:41 IST" duration-ms="22100" status="PASS">
          <params>
            <param index="0">
              <value>
                <![CDATA["Verify the Advanced Administration Record"]]>
              </value>
            </param>
            <param index="1">
              <value>
                <![CDATA["Optional[OpenMRS Home Page]"]]>
              </value>
            </param>
          </params>
          <reporter-output>
          </reporter-output>
        </test-method> <!-- runScenario -->
        <test-method signature="runScenario(io.cucumber.testng.PickleWrapper,io.cucumber.testng.FeatureWrapper)[pri:0, instance:Runner.TestRunner@1c7696c6]" started-at="2023-05-24T17:40:41 IST" name="runScenario" description="Runs Cucumber Scenarios" data-provider="scenarios" finished-at="2023-05-24T17:41:02 IST" duration-ms="21130" status="PASS">
          <params>
            <param index="0">
              <value>
                <![CDATA["Verify the Advanced Administration Record"]]>
              </value>
            </param>
            <param index="1">
              <value>
                <![CDATA["Optional[OpenMRS Home Page]"]]>
              </value>
            </param>
          </params>
          <reporter-output>
          </reporter-output>
        </test-method> <!-- runScenario -->
        <test-method signature="runScenario(io.cucumber.testng.PickleWrapper,io.cucumber.testng.FeatureWrapper)[pri:0, instance:Runner.TestRunner@1c7696c6]" started-at="2023-05-24T17:41:02 IST" name="runScenario" description="Runs Cucumber Scenarios" data-provider="scenarios" finished-at="2023-05-24T17:41:18 IST" duration-ms="16042" status="PASS">
          <params>
            <param index="0">
              <value>
                <![CDATA["Verify the Advanced Administration Record"]]>
              </value>
            </param>
            <param index="1">
              <value>
                <![CDATA["Optional[OpenMRS Home Page]"]]>
              </value>
            </param>
          </params>
          <reporter-output>
          </reporter-output>
        </test-method> <!-- runScenario -->
        <test-method signature="runScenario(io.cucumber.testng.PickleWrapper,io.cucumber.testng.FeatureWrapper)[pri:0, instance:Runner.TestRunner@1c7696c6]" started-at="2023-05-24T17:41:18 IST" name="runScenario" description="Runs Cucumber Scenarios" data-provider="scenarios" finished-at="2023-05-24T17:41:38 IST" duration-ms="19742" status="PASS">
          <params>
            <param index="0">
              <value>
                <![CDATA["Verify the Advanced Administration Services"]]>
              </value>
            </param>
            <param index="1">
              <value>
                <![CDATA["Optional[OpenMRS Home Page]"]]>
              </value>
            </param>
          </params>
          <reporter-output>
          </reporter-output>
        </test-method> <!-- runScenario -->
        <test-method signature="runScenario(io.cucumber.testng.PickleWrapper,io.cucumber.testng.FeatureWrapper)[pri:0, instance:Runner.TestRunner@1c7696c6]" started-at="2023-05-24T17:41:38 IST" name="runScenario" description="Runs Cucumber Scenarios" data-provider="scenarios" finished-at="2023-05-24T17:41:53 IST" duration-ms="14384" status="PASS">
          <params>
            <param index="0">
              <value>
                <![CDATA["Login should be successfull"]]>
              </value>
            </param>
            <param index="1">
              <value>
                <![CDATA["Optional[OpenMRS Login Page]"]]>
              </value>
            </param>
          </params>
          <reporter-output>
          </reporter-output>
        </test-method> <!-- runScenario -->
        <test-method signature="runScenario(io.cucumber.testng.PickleWrapper,io.cucumber.testng.FeatureWrapper)[pri:0, instance:Runner.TestRunner@1c7696c6]" started-at="2023-05-24T17:41:53 IST" name="runScenario" description="Runs Cucumber Scenarios" data-provider="scenarios" finished-at="2023-05-24T17:42:03 IST" duration-ms="10437" status="PASS">
          <params>
            <param index="0">
              <value>
                <![CDATA["Login should be fail(Invalid Credentials)"]]>
              </value>
            </param>
            <param index="1">
              <value>
                <![CDATA["Optional[OpenMRS Login Page]"]]>
              </value>
            </param>
          </params>
          <reporter-output>
          </reporter-output>
        </test-method> <!-- runScenario -->
        <test-method signature="runScenario(io.cucumber.testng.PickleWrapper,io.cucumber.testng.FeatureWrapper)[pri:0, instance:Runner.TestRunner@1c7696c6]" started-at="2023-05-24T17:42:03 IST" name="runScenario" description="Runs Cucumber Scenarios" data-provider="scenarios" finished-at="2023-05-24T17:42:15 IST" duration-ms="11892" status="PASS">
          <params>
            <param index="0">
              <value>
                <![CDATA["Login should be fail(Invalid Credentials)"]]>
              </value>
            </param>
            <param index="1">
              <value>
                <![CDATA["Optional[OpenMRS Login Page]"]]>
              </value>
            </param>
          </params>
          <reporter-output>
          </reporter-output>
        </test-method> <!-- runScenario -->
        <test-method signature="runScenario(io.cucumber.testng.PickleWrapper,io.cucumber.testng.FeatureWrapper)[pri:0, instance:Runner.TestRunner@1c7696c6]" started-at="2023-05-24T17:42:15 IST" name="runScenario" description="Runs Cucumber Scenarios" data-provider="scenarios" finished-at="2023-05-24T17:42:28 IST" duration-ms="13150" status="PASS">
          <params>
            <param index="0">
              <value>
                <![CDATA["Login should be fail(Invalid Credentials)"]]>
              </value>
            </param>
            <param index="1">
              <value>
                <![CDATA["Optional[OpenMRS Login Page]"]]>
              </value>
            </param>
          </params>
          <reporter-output>
          </reporter-output>
        </test-method> <!-- runScenario -->
        <test-method signature="runScenario(io.cucumber.testng.PickleWrapper,io.cucumber.testng.FeatureWrapper)[pri:0, instance:Runner.TestRunner@1c7696c6]" started-at="2023-05-24T17:42:28 IST" name="runScenario" description="Runs Cucumber Scenarios" data-provider="scenarios" finished-at="2023-05-24T17:42:43 IST" duration-ms="14693" status="PASS">
          <params>
            <param index="0">
              <value>
                <![CDATA["validation of Location for this session"]]>
              </value>
            </param>
            <param index="1">
              <value>
                <![CDATA["Optional[OpenMRS Login Page]"]]>
              </value>
            </param>
          </params>
          <reporter-output>
          </reporter-output>
        </test-method> <!-- runScenario -->
        <test-method signature="runScenario(io.cucumber.testng.PickleWrapper,io.cucumber.testng.FeatureWrapper)[pri:0, instance:Runner.TestRunner@1c7696c6]" started-at="2023-05-24T17:42:43 IST" name="runScenario" description="Runs Cucumber Scenarios" data-provider="scenarios" finished-at="2023-05-24T17:42:58 IST" duration-ms="15151" status="PASS">
          <params>
            <param index="0">
              <value>
                <![CDATA["validation of Location for this session"]]>
              </value>
            </param>
            <param index="1">
              <value>
                <![CDATA["Optional[OpenMRS Login Page]"]]>
              </value>
            </param>
          </params>
          <reporter-output>
          </reporter-output>
        </test-method> <!-- runScenario -->
        <test-method signature="runScenario(io.cucumber.testng.PickleWrapper,io.cucumber.testng.FeatureWrapper)[pri:0, instance:Runner.TestRunner@1c7696c6]" started-at="2023-05-24T17:42:58 IST" name="runScenario" description="Runs Cucumber Scenarios" data-provider="scenarios" finished-at="2023-05-24T17:43:10 IST" duration-ms="11816" status="PASS">
          <params>
            <param index="0">
              <value>
                <![CDATA["validation of Location for this session"]]>
              </value>
            </param>
            <param index="1">
              <value>
                <![CDATA["Optional[OpenMRS Login Page]"]]>
              </value>
            </param>
          </params>
          <reporter-output>
          </reporter-output>
        </test-method> <!-- runScenario -->
        <test-method signature="runScenario(io.cucumber.testng.PickleWrapper,io.cucumber.testng.FeatureWrapper)[pri:0, instance:Runner.TestRunner@1c7696c6]" started-at="2023-05-24T17:43:10 IST" name="runScenario" description="Runs Cucumber Scenarios" data-provider="scenarios" finished-at="2023-05-24T17:43:21 IST" duration-ms="11282" status="PASS">
          <params>
            <param index="0">
              <value>
                <![CDATA["validation of Location for this session"]]>
              </value>
            </param>
            <param index="1">
              <value>
                <![CDATA["Optional[OpenMRS Login Page]"]]>
              </value>
            </param>
          </params>
          <reporter-output>
          </reporter-output>
        </test-method> <!-- runScenario -->
        <test-method signature="runScenario(io.cucumber.testng.PickleWrapper,io.cucumber.testng.FeatureWrapper)[pri:0, instance:Runner.TestRunner@1c7696c6]" started-at="2023-05-24T17:43:21 IST" name="runScenario" description="Runs Cucumber Scenarios" data-provider="scenarios" finished-at="2023-05-24T17:43:34 IST" duration-ms="12636" status="PASS">
          <params>
            <param index="0">
              <value>
                <![CDATA["validation of Location for this session"]]>
              </value>
            </param>
            <param index="1">
              <value>
                <![CDATA["Optional[OpenMRS Login Page]"]]>
              </value>
            </param>
          </params>
          <reporter-output>
          </reporter-output>
        </test-method> <!-- runScenario -->
        <test-method signature="runScenario(io.cucumber.testng.PickleWrapper,io.cucumber.testng.FeatureWrapper)[pri:0, instance:Runner.TestRunner@1c7696c6]" started-at="2023-05-24T17:43:34 IST" name="runScenario" description="Runs Cucumber Scenarios" data-provider="scenarios" finished-at="2023-05-24T17:43:48 IST" duration-ms="14198" status="PASS">
          <params>
            <param index="0">
              <value>
                <![CDATA["validation of Location for this session"]]>
              </value>
            </param>
            <param index="1">
              <value>
                <![CDATA["Optional[OpenMRS Login Page]"]]>
              </value>
            </param>
          </params>
          <reporter-output>
          </reporter-output>
        </test-method> <!-- runScenario -->
        <test-method signature="runScenario(io.cucumber.testng.PickleWrapper,io.cucumber.testng.FeatureWrapper)[pri:0, instance:Runner.TestRunner@1c7696c6]" started-at="2023-05-24T17:43:48 IST" name="runScenario" description="Runs Cucumber Scenarios" data-provider="scenarios" finished-at="2023-05-24T17:44:00 IST" duration-ms="11945" status="PASS">
          <params>
            <param index="0">
              <value>
                <![CDATA["Login should be fail(Invalid Location for this session)"]]>
              </value>
            </param>
            <param index="1">
              <value>
                <![CDATA["Optional[OpenMRS Login Page]"]]>
              </value>
            </param>
          </params>
          <reporter-output>
          </reporter-output>
        </test-method> <!-- runScenario -->
        <test-method signature="runScenario(io.cucumber.testng.PickleWrapper,io.cucumber.testng.FeatureWrapper)[pri:0, instance:Runner.TestRunner@1c7696c6]" started-at="2023-05-24T17:44:00 IST" name="runScenario" description="Runs Cucumber Scenarios" data-provider="scenarios" finished-at="2023-05-24T17:44:11 IST" duration-ms="11265" status="PASS">
          <params>
            <param index="0">
              <value>
                <![CDATA["User not possible to Login"]]>
              </value>
            </param>
            <param index="1">
              <value>
                <![CDATA["Optional[OpenMRS Login Page]"]]>
              </value>
            </param>
          </params>
          <reporter-output>
          </reporter-output>
        </test-method> <!-- runScenario -->
        <test-method is-config="true" signature="tearDownClass()[pri:0, instance:Runner.TestRunner@1c7696c6]" started-at="2023-05-24T17:44:11 IST" name="tearDownClass" finished-at="2023-05-24T17:44:18 IST" duration-ms="6999" status="PASS">
          <reporter-output>
          </reporter-output>
        </test-method> <!-- tearDownClass -->
      </class> <!-- Runner.TestRunner -->
    </test> <!-- Default test -->
  </suite> <!-- Default suite -->
</testng-results>
